  ▲ Next.js 14.2.32
  - Local:        http://localhost:3000

 ✓ Starting...
 ✓ Ready in 1751ms
 ○ Compiling / ...
 ✓ Compiled / in 3.1s (1345 modules)
 GET / 200 in 3349ms
 ✓ Compiled in 220ms (661 modules)
 GET / 200 in 117ms
 ✓ Compiled in 710ms (1336 modules)
 ✓ Compiled in 376ms (1329 modules)
 ✓ Compiled in 391ms (1322 modules)
 ⚠ Fast Refresh had to perform a full reload due to a runtime error.
 GET / 200 in 102ms
 ✓ Compiled /favicon.ico in 278ms (708 modules)
 GET /favicon.ico 200 in 321ms
 GET / 200 in 155ms
 ✓ Compiled in 385ms (1336 modules)
 ✓ Compiled in 490ms (1338 modules)
 ✓ Compiled in 202ms (1336 modules)
 ✓ Compiled in 101ms (661 modules)
 ✓ Compiled in 506ms (1336 modules)
 ✓ Compiled in 518ms (1336 modules)
 ✓ Compiled in 517ms (1336 modules)
 ✓ Compiled in 279ms (1336 modules)
 ✓ Compiled in 328ms (1336 modules)
 ✓ Compiled in 749ms (1336 modules)
 ✓ Compiled in 406ms (1338 modules)
